2018-10-18 11:59:19,644  INFO DefaultTestContextBootstrapper:307 - Neither @ContextConfiguration nor @ContextHierarchy found for test class [com.example.wby.upms.rpc.service.UpmsServiceTest], using DelegatingSmartContextLoader
2018-10-18 11:59:19,650  INFO AbstractContextLoader:264 - Could not detect default resource locations for test class [com.example.wby.upms.rpc.service.UpmsServiceTest]: no resource found for suffixes {-context.xml}.
2018-10-18 11:59:19,651  INFO AnnotationConfigContextLoaderUtils:82 - Could not detect default configuration classes for test class [com.example.wby.upms.rpc.service.UpmsServiceTest]: UpmsServiceTest does not declare any static, non-private, non-final, nested classes annotated with @Configuration.
2018-10-18 11:59:19,689  INFO DefaultTestContextBootstrapper:248 - Loaded default TestExecutionListener class names from location [META-INF/spring.factories]: [org.springframework.boot.test.mock.mockito.MockitoTestExecutionListener, org.springframework.boot.test.mock.mockito.ResetMocksTestExecutionListener, org.springframework.boot.test.autoconfigure.restdocs.RestDocsTestExecutionListener, org.springframework.boot.test.autoconfigure.web.client.MockRestServiceServerResetTestExecutionListener, org.springframework.boot.test.autoconfigure.web.servlet.MockMvcPrintOnlyOnFailureTestExecutionListener, org.springframework.boot.test.autoconfigure.web.servlet.WebDriverTestExecutionListener, org.springframework.test.context.web.ServletTestExecutionListener, org.springframework.test.context.support.DirtiesContextBeforeModesTestExecutionListener, org.springframework.test.context.support.DependencyInjectionTestExecutionListener, org.springframework.test.context.support.DirtiesContextTestExecutionListener, org.springframework.test.context.transaction.TransactionalTestExecutionListener, org.springframework.test.context.jdbc.SqlScriptsTestExecutionListener]
2018-10-18 11:59:19,703  INFO DefaultTestContextBootstrapper:174 - Using TestExecutionListeners: [org.springframework.test.context.support.DirtiesContextBeforeModesTestExecutionListener@ed9d034, org.springframework.boot.test.mock.mockito.MockitoTestExecutionListener@6121c9d6, org.springframework.test.context.support.DependencyInjectionTestExecutionListener@87f383f, org.springframework.test.context.support.DirtiesContextTestExecutionListener@4eb7f003, org.springframework.test.context.transaction.TransactionalTestExecutionListener@eafc191, org.springframework.test.context.jdbc.SqlScriptsTestExecutionListener@612fc6eb, org.springframework.boot.test.mock.mockito.ResetMocksTestExecutionListener@1060b431, org.springframework.boot.test.autoconfigure.restdocs.RestDocsTestExecutionListener@612679d6, org.springframework.boot.test.autoconfigure.web.client.MockRestServiceServerResetTestExecutionListener@11758f2a, org.springframework.boot.test.autoconfigure.web.servlet.MockMvcPrintOnlyOnFailureTestExecutionListener@e720b71, org.springframework.boot.test.autoconfigure.web.servlet.WebDriverTestExecutionListener@1b26f7b2]
2018-10-18 11:59:19,708  INFO DefaultTestContextBootstrapper:307 - Neither @ContextConfiguration nor @ContextHierarchy found for test class [com.example.wby.upms.rpc.service.UpmsServiceTest], using DelegatingSmartContextLoader
2018-10-18 11:59:19,709  INFO AbstractContextLoader:264 - Could not detect default resource locations for test class [com.example.wby.upms.rpc.service.UpmsServiceTest]: no resource found for suffixes {-context.xml}.
2018-10-18 11:59:19,709  INFO AnnotationConfigContextLoaderUtils:82 - Could not detect default configuration classes for test class [com.example.wby.upms.rpc.service.UpmsServiceTest]: UpmsServiceTest does not declare any static, non-private, non-final, nested classes annotated with @Configuration.
2018-10-18 11:59:19,727  INFO DefaultTestContextBootstrapper:248 - Loaded default TestExecutionListener class names from location [META-INF/spring.factories]: [org.springframework.boot.test.mock.mockito.MockitoTestExecutionListener, org.springframework.boot.test.mock.mockito.ResetMocksTestExecutionListener, org.springframework.boot.test.autoconfigure.restdocs.RestDocsTestExecutionListener, org.springframework.boot.test.autoconfigure.web.client.MockRestServiceServerResetTestExecutionListener, org.springframework.boot.test.autoconfigure.web.servlet.MockMvcPrintOnlyOnFailureTestExecutionListener, org.springframework.boot.test.autoconfigure.web.servlet.WebDriverTestExecutionListener, org.springframework.test.context.web.ServletTestExecutionListener, org.springframework.test.context.support.DirtiesContextBeforeModesTestExecutionListener, org.springframework.test.context.support.DependencyInjectionTestExecutionListener, org.springframework.test.context.support.DirtiesContextTestExecutionListener, org.springframework.test.context.transaction.TransactionalTestExecutionListener, org.springframework.test.context.jdbc.SqlScriptsTestExecutionListener]
2018-10-18 11:59:19,728  INFO DefaultTestContextBootstrapper:174 - Using TestExecutionListeners: [org.springframework.test.context.support.DirtiesContextBeforeModesTestExecutionListener@548ad73b, org.springframework.boot.test.mock.mockito.MockitoTestExecutionListener@4c762604, org.springframework.test.context.support.DependencyInjectionTestExecutionListener@2641e737, org.springframework.test.context.support.DirtiesContextTestExecutionListener@727803de, org.springframework.test.context.transaction.TransactionalTestExecutionListener@704921a5, org.springframework.test.context.jdbc.SqlScriptsTestExecutionListener@df27fae, org.springframework.boot.test.mock.mockito.ResetMocksTestExecutionListener@24a35978, org.springframework.boot.test.autoconfigure.restdocs.RestDocsTestExecutionListener@16f7c8c1, org.springframework.boot.test.autoconfigure.web.client.MockRestServiceServerResetTestExecutionListener@2f0a87b3, org.springframework.boot.test.autoconfigure.web.servlet.MockMvcPrintOnlyOnFailureTestExecutionListener@319b92f3, org.springframework.boot.test.autoconfigure.web.servlet.WebDriverTestExecutionListener@fcd6521]
2018-10-18 11:59:19,793  INFO GenericApplicationContext:583 - Refreshing org.springframework.context.support.GenericApplicationContext@50de0926: startup date [Thu Oct 18 11:59:19 CST 2018]; root of context hierarchy
2018-10-18 11:59:19,954 ERROR TestContextManager:234 - Caught exception while allowing TestExecutionListener [org.springframework.test.context.support.DependencyInjectionTestExecutionListener@2641e737] to prepare test instance [com.example.wby.upms.rpc.service.UpmsServiceTest@1bb5a082]
org.springframework.beans.factory.UnsatisfiedDependencyException: Error creating bean with name 'com.example.wby.upms.rpc.service.UpmsServiceTest': Unsatisfied dependency expressed through field 'upmsApiService'; nested exception is org.springframework.beans.factory.NoSuchBeanDefinitionException: No qualifying bean of type 'com.example.wby.upms.rpc.api.UpmsApiService' available: expected at least 1 bean which qualifies as autowire candidate. Dependency annotations: {@org.springframework.beans.factory.annotation.Autowired(required=true)}
	at org.springframework.beans.factory.annotation.AutowiredAnnotationBeanPostProcessor$AutowiredFieldElement.inject(AutowiredAnnotationBeanPostProcessor.java:588)
	at org.springframework.beans.factory.annotation.InjectionMetadata.inject(InjectionMetadata.java:87)
	at org.springframework.beans.factory.annotation.AutowiredAnnotationBeanPostProcessor.postProcessPropertyValues(AutowiredAnnotationBeanPostProcessor.java:366)
	at org.springframework.beans.factory.support.AbstractAutowireCapableBeanFactory.populateBean(AbstractAutowireCapableBeanFactory.java:1269)
	at org.springframework.beans.factory.support.AbstractAutowireCapableBeanFactory.autowireBeanProperties(AbstractAutowireCapableBeanFactory.java:384)
	at org.springframework.test.context.support.DependencyInjectionTestExecutionListener.injectDependencies(DependencyInjectionTestExecutionListener.java:118)
	at org.springframework.test.context.support.DependencyInjectionTestExecutionListener.prepareTestInstance(DependencyInjectionTestExecutionListener.java:83)
	at org.springframework.test.context.TestContextManager.prepareTestInstance(TestContextManager.java:230)
	at org.springframework.test.context.junit4.SpringJUnit4ClassRunner.createTest(SpringJUnit4ClassRunner.java:228)
	at org.springframework.test.context.junit4.SpringJUnit4ClassRunner$1.runReflectiveCall(SpringJUnit4ClassRunner.java:287)
	at org.junit.internal.runners.model.ReflectiveCallable.run(ReflectiveCallable.java:12)
	at org.springframework.test.context.junit4.SpringJUnit4ClassRunner.methodBlock(SpringJUnit4ClassRunner.java:289)
	at org.springframework.test.context.junit4.SpringJUnit4ClassRunner.runChild(SpringJUnit4ClassRunner.java:247)
	at org.springframework.test.context.junit4.SpringJUnit4ClassRunner.runChild(SpringJUnit4ClassRunner.java:94)
	at org.junit.runners.ParentRunner$3.run(ParentRunner.java:290)
	at org.junit.runners.ParentRunner$1.schedule(ParentRunner.java:71)
	at org.junit.runners.ParentRunner.runChildren(ParentRunner.java:288)
	at org.junit.runners.ParentRunner.access$000(ParentRunner.java:58)
	at org.junit.runners.ParentRunner$2.evaluate(ParentRunner.java:268)
	at org.springframework.test.context.junit4.statements.RunBeforeTestClassCallbacks.evaluate(RunBeforeTestClassCallbacks.java:61)
	at org.springframework.test.context.junit4.statements.RunAfterTestClassCallbacks.evaluate(RunAfterTestClassCallbacks.java:70)
	at org.junit.runners.ParentRunner.run(ParentRunner.java:363)
	at org.springframework.test.context.junit4.SpringJUnit4ClassRunner.run(SpringJUnit4ClassRunner.java:191)
	at org.apache.maven.surefire.junit4.JUnit4Provider.execute(JUnit4Provider.java:283)
	at org.apache.maven.surefire.junit4.JUnit4Provider.executeWithRerun(JUnit4Provider.java:173)
	at org.apache.maven.surefire.junit4.JUnit4Provider.executeTestSet(JUnit4Provider.java:153)
	at org.apache.maven.surefire.junit4.JUnit4Provider.invoke(JUnit4Provider.java:128)
	at org.apache.maven.surefire.booter.ForkedBooter.invokeProviderInSameClassLoader(ForkedBooter.java:203)
	at org.apache.maven.surefire.booter.ForkedBooter.runSuitesInProcess(ForkedBooter.java:155)
	at org.apache.maven.surefire.booter.ForkedBooter.main(ForkedBooter.java:103)
Caused by: org.springframework.beans.factory.NoSuchBeanDefinitionException: No qualifying bean of type 'com.example.wby.upms.rpc.api.UpmsApiService' available: expected at least 1 bean which qualifies as autowire candidate. Dependency annotations: {@org.springframework.beans.factory.annotation.Autowired(required=true)}
	at org.springframework.beans.factory.support.DefaultListableBeanFactory.raiseNoMatchingBeanFound(DefaultListableBeanFactory.java:1491)
	at org.springframework.beans.factory.support.DefaultListableBeanFactory.doResolveDependency(DefaultListableBeanFactory.java:1102)
	at org.springframework.beans.factory.support.DefaultListableBeanFactory.resolveDependency(DefaultListableBeanFactory.java:1064)
	at org.springframework.beans.factory.annotation.AutowiredAnnotationBeanPostProcessor$AutowiredFieldElement.inject(AutowiredAnnotationBeanPostProcessor.java:585)
	... 29 more
2018-10-18 11:59:19,966  INFO GenericApplicationContext:984 - Closing org.springframework.context.support.GenericApplicationContext@50de0926: startup date [Thu Oct 18 11:59:19 CST 2018]; root of context hierarchy
